Vivado Simulator 2018.2
Copyright 1986-1999, 2001-2018 Xilinx, Inc. All Rights Reserved.
Running: C:/Xilinx/Vivado/2018.2/bin/unwrapped/win64.o/xelab.exe -wto 846655f69311450f8a61d78ff6805056 --incr --debug typical --relax --mt 2 -L xil_defaultlib -L secureip --snapshot ALU_tb_behav xil_defaultlib.ALU_tb -log elaborate.log 
Using 2 slave threads.
Starting static elaboration
Completed static elaboration
Starting simulation data flow analysis
Completed simulation data flow analysis
Time Resolution for simulation is 1ps
Compiling package std.standard
Compiling package std.textio
Compiling package ieee.std_logic_1164
Compiling package ieee.numeric_std
Compiling architecture behavioral of entity xil_defaultlib.twoToOneMUX [twotoonemux_default]
Compiling architecture behavioral of entity xil_defaultlib.oneBitFullAdder [onebitfulladder_default]
Compiling architecture behavioral of entity xil_defaultlib.aluFullAdder [alufulladder_default]
Compiling architecture behavioral of entity xil_defaultlib.aluFourToOneMUX [alufourtoonemux_default]
Compiling architecture behavioral of entity xil_defaultlib.ALU [alu_default]
Compiling architecture test_bench of entity xil_defaultlib.alu_tb
Built simulation snapshot ALU_tb_behav
